  [1m[35m (0.1ms)[0m  [1m[34mSELECT sqlite_version(*)[0m
  [1m[35m (4.8ms)[0m  [1m[35mCREATE TABLE "schema_migrations" ("version" varchar NOT NULL PRIMARY KEY)[0m
  [1m[35m (4.2ms)[0m  [1m[35mCREATE TABLE "ar_internal_metadata" ("key" varchar NOT NULL PRIMARY KEY, "value" varchar, "created_at" datetime NOT NULL, "updated_at" datetime NOT NULL)[0m
  [1m[35m (0.2ms)[0m  [1m[34mSELECT "schema_migrations"."version" FROM "schema_migrations" ORDER BY "schema_migrations"."version" ASC[0m
Migrating to CreateUsers (20190327123011)
  [1m[35m (0.0ms)[0m  [1m[36mbegin transaction[0m
  [1m[35m (0.7ms)[0m  [1m[35mCREATE TABLE "users" ("id" INTEGER PRIMARY KEY AUTOINCREMENT NOT NULL, "name" varchar, "last_name" varchar, "email" varchar, "phone" varchar, "password" varchar, "user_address" varchar, "created_at" datetime NOT NULL, "updated_at" datetime NOT NULL)[0m
  [1m[35mSQL (0.1ms)[0m  [1m[32mINSERT INTO "schema_migrations" ("version") VALUES (?)[0m  [["version", "20190327123011"]]
  [1m[35m (4.3ms)[0m  [1m[36mcommit transaction[0m
Migrating to CreateVenues (20190327123506)
  [1m[35m (0.1ms)[0m  [1m[36mbegin transaction[0m
  [1m[35m (0.6ms)[0m  [1m[35mCREATE TABLE "venues" ("id" INTEGER PRIMARY KEY AUTOINCREMENT NOT NULL, "name" varchar, "address" varchar, "capacity" integer, "created_at" datetime NOT NULL, "updated_at" datetime NOT NULL)[0m
  [1m[35mSQL (0.1ms)[0m  [1m[32mINSERT INTO "schema_migrations" ("version") VALUES (?)[0m  [["version", "20190327123506"]]
  [1m[35m (4.3ms)[0m  [1m[36mcommit transaction[0m
Migrating to CreateEvents (20190327123703)
  [1m[35m (0.1ms)[0m  [1m[36mbegin transaction[0m
  [1m[35m (0.3ms)[0m  [1m[35mCREATE TABLE "events" ("id" INTEGER PRIMARY KEY AUTOINCREMENT NOT NULL, "name" varchar, "description" varchar, "start_date" datetime, "venue_id" integer, "created_at" datetime NOT NULL, "updated_at" datetime NOT NULL, CONSTRAINT "fk_rails_f476266cf4"
FOREIGN KEY ("venue_id")
  REFERENCES "venues" ("id")
)[0m
  [1m[35m (0.2ms)[0m  [1m[35mCREATE  INDEX "index_events_on_venue_id" ON "events" ("venue_id")[0m
  [1m[35mSQL (0.1ms)[0m  [1m[32mINSERT INTO "schema_migrations" ("version") VALUES (?)[0m  [["version", "20190327123703"]]
  [1m[35m (18.9ms)[0m  [1m[36mcommit transaction[0m
Migrating to CreateCategories (20190327124432)
  [1m[35m (0.1ms)[0m  [1m[36mbegin transaction[0m
  [1m[35m (0.2ms)[0m  [1m[35mCREATE TABLE "categories" ("id" INTEGER PRIMARY KEY AUTOINCREMENT NOT NULL, "name" varchar, "created_at" datetime NOT NULL, "updated_at" datetime NOT NULL)[0m
  [1m[35mSQL (0.1ms)[0m  [1m[32mINSERT INTO "schema_migrations" ("version") VALUES (?)[0m  [["version", "20190327124432"]]
  [1m[35m (3.1ms)[0m  [1m[36mcommit transaction[0m
Migrating to CreateTickets (20190327124553)
  [1m[35m (0.1ms)[0m  [1m[36mbegin transaction[0m
  [1m[35m (6.0ms)[0m  [1m[35mCREATE TABLE "tickets" ("id" INTEGER PRIMARY KEY AUTOINCREMENT NOT NULL, "price" integer, "event_id" integer, "category_id" integer, "user_id" integer, "created_at" datetime NOT NULL, "updated_at" datetime NOT NULL, CONSTRAINT "fk_rails_4def87ea62"
FOREIGN KEY ("event_id")
  REFERENCES "events" ("id")
, CONSTRAINT "fk_rails_1f6d1af6fa"
FOREIGN KEY ("category_id")
  REFERENCES "categories" ("id")
, CONSTRAINT "fk_rails_538a036fb9"
FOREIGN KEY ("user_id")
  REFERENCES "users" ("id")
)[0m
  [1m[35m (0.2ms)[0m  [1m[35mCREATE  INDEX "index_tickets_on_event_id" ON "tickets" ("event_id")[0m
  [1m[35m (0.1ms)[0m  [1m[34m            SELECT sql
            FROM sqlite_master
            WHERE name='index_tickets_on_event_id' AND type='index'
            UNION ALL
            SELECT sql
            FROM sqlite_temp_master
            WHERE name='index_tickets_on_event_id' AND type='index'
[0m
  [1m[35m (0.2ms)[0m  [1m[35mCREATE  INDEX "index_tickets_on_category_id" ON "tickets" ("category_id")[0m
  [1m[35m (0.1ms)[0m  [1m[34m            SELECT sql
            FROM sqlite_master
            WHERE name='index_tickets_on_category_id' AND type='index'
            UNION ALL
            SELECT sql
            FROM sqlite_temp_master
            WHERE name='index_tickets_on_category_id' AND type='index'
[0m
  [1m[35m (0.1ms)[0m  [1m[34m            SELECT sql
            FROM sqlite_master
            WHERE name='index_tickets_on_event_id' AND type='index'
            UNION ALL
            SELECT sql
            FROM sqlite_temp_master
            WHERE name='index_tickets_on_event_id' AND type='index'
[0m
  [1m[35m (0.1ms)[0m  [1m[35mCREATE  INDEX "index_tickets_on_user_id" ON "tickets" ("user_id")[0m
  [1m[35mSQL (0.7ms)[0m  [1m[32mINSERT INTO "schema_migrations" ("version") VALUES (?)[0m  [["version", "20190327124553"]]
  [1m[35m (5.2ms)[0m  [1m[36mcommit transaction[0m
Migrating to CreateOrders (20190327124655)
  [1m[35m (0.1ms)[0m  [1m[36mbegin transaction[0m
  [1m[35m (0.7ms)[0m  [1m[35mCREATE TABLE "orders" ("id" INTEGER PRIMARY KEY AUTOINCREMENT NOT NULL, "amount" integer, "user_id" integer, "created_at" datetime NOT NULL, "updated_at" datetime NOT NULL, CONSTRAINT "fk_rails_f868b47f6a"
FOREIGN KEY ("user_id")
  REFERENCES "users" ("id")
)[0m
  [1m[35m (0.1ms)[0m  [1m[35mCREATE  INDEX "index_orders_on_user_id" ON "orders" ("user_id")[0m
  [1m[35mSQL (0.4ms)[0m  [1m[32mINSERT INTO "schema_migrations" ("version") VALUES (?)[0m  [["version", "20190327124655"]]
  [1m[35m (3.9ms)[0m  [1m[36mcommit transaction[0m
  [1m[36mActiveRecord::InternalMetadata Load (0.1ms)[0m  [1m[34mSELECT  "ar_internal_metadata".* FROM "ar_internal_metadata" WHERE "ar_internal_metadata"."key" = ? LIMIT ?[0m  [["key", "environment"], ["LIMIT", 1]]
  [1m[35m (0.1ms)[0m  [1m[36mbegin transaction[0m
  [1m[35mSQL (0.2ms)[0m  [1m[32mINSERT INTO "ar_internal_metadata" ("key", "value", "created_at", "updated_at") VALUES (?, ?, ?, ?)[0m  [["key", "environment"], ["value", "development"], ["created_at", "2019-03-27 12:53:24.899603"], ["updated_at", "2019-03-27 12:53:24.899603"]]
  [1m[35m (2.8ms)[0m  [1m[36mcommit transaction[0m
  [1m[35m (0.1ms)[0m  [1m[34mSELECT "schema_migrations"."version" FROM "schema_migrations" ORDER BY "schema_migrations"."version" ASC[0m
  [1m[35m (0.2ms)[0m  [1m[34m            SELECT sql
            FROM sqlite_master
            WHERE name='index_events_on_venue_id' AND type='index'
            UNION ALL
            SELECT sql
            FROM sqlite_temp_master
            WHERE name='index_events_on_venue_id' AND type='index'
[0m
  [1m[35m (0.1ms)[0m  [1m[34m            SELECT sql
            FROM sqlite_master
            WHERE name='index_orders_on_user_id' AND type='index'
            UNION ALL
            SELECT sql
            FROM sqlite_temp_master
            WHERE name='index_orders_on_user_id' AND type='index'
[0m
  [1m[35m (0.1ms)[0m  [1m[34m            SELECT sql
            FROM sqlite_master
            WHERE name='index_tickets_on_user_id' AND type='index'
            UNION ALL
            SELECT sql
            FROM sqlite_temp_master
            WHERE name='index_tickets_on_user_id' AND type='index'
[0m
  [1m[35m (0.1ms)[0m  [1m[34m            SELECT sql
            FROM sqlite_master
            WHERE name='index_tickets_on_category_id' AND type='index'
            UNION ALL
            SELECT sql
            FROM sqlite_temp_master
            WHERE name='index_tickets_on_category_id' AND type='index'
[0m
  [1m[35m (0.1ms)[0m  [1m[34m            SELECT sql
            FROM sqlite_master
            WHERE name='index_tickets_on_event_id' AND type='index'
            UNION ALL
            SELECT sql
            FROM sqlite_temp_master
            WHERE name='index_tickets_on_event_id' AND type='index'
[0m
  [1m[35m (0.1ms)[0m  [1m[34mSELECT "schema_migrations"."version" FROM "schema_migrations" ORDER BY "schema_migrations"."version" ASC[0m
Migrating to AddTicketToOrders (20190327130243)
  [1m[35m (0.0ms)[0m  [1m[36mbegin transaction[0m
  [1m[35m (0.3ms)[0m  [1m[35mALTER TABLE "orders" ADD "ticket_id" integer[0m
  [1m[35m (0.1ms)[0m  [1m[34mSELECT sqlite_version(*)[0m
  [1m[35m (0.1ms)[0m  [1m[34m            SELECT sql
            FROM sqlite_master
            WHERE name='index_orders_on_user_id' AND type='index'
            UNION ALL
            SELECT sql
            FROM sqlite_temp_master
            WHERE name='index_orders_on_user_id' AND type='index'
[0m
  [1m[35m (0.1ms)[0m  [1m[35mCREATE  INDEX "index_orders_on_ticket_id" ON "orders" ("ticket_id")[0m
  [1m[35mSQL (0.1ms)[0m  [1m[32mINSERT INTO "schema_migrations" ("version") VALUES (?)[0m  [["version", "20190327130243"]]
  [1m[35m (4.0ms)[0m  [1m[36mcommit transaction[0m
  [1m[36mActiveRecord::InternalMetadata Load (0.1ms)[0m  [1m[34mSELECT  "ar_internal_metadata".* FROM "ar_internal_metadata" WHERE "ar_internal_metadata"."key" = ? LIMIT ?[0m  [["key", "environment"], ["LIMIT", 1]]
  [1m[35m (0.1ms)[0m  [1m[36mbegin transaction[0m
  [1m[35m (0.1ms)[0m  [1m[36mcommit transaction[0m
  [1m[35m (0.1ms)[0m  [1m[34mSELECT "schema_migrations"."version" FROM "schema_migrations" ORDER BY "schema_migrations"."version" ASC[0m
  [1m[35m (0.1ms)[0m  [1m[34m            SELECT sql
            FROM sqlite_master
            WHERE name='index_events_on_venue_id' AND type='index'
            UNION ALL
            SELECT sql
            FROM sqlite_temp_master
            WHERE name='index_events_on_venue_id' AND type='index'
[0m
  [1m[35m (0.1ms)[0m  [1m[34m            SELECT sql
            FROM sqlite_master
            WHERE name='index_orders_on_ticket_id' AND type='index'
            UNION ALL
            SELECT sql
            FROM sqlite_temp_master
            WHERE name='index_orders_on_ticket_id' AND type='index'
[0m
  [1m[35m (0.1ms)[0m  [1m[34m            SELECT sql
            FROM sqlite_master
            WHERE name='index_orders_on_user_id' AND type='index'
            UNION ALL
            SELECT sql
            FROM sqlite_temp_master
            WHERE name='index_orders_on_user_id' AND type='index'
[0m
  [1m[35m (0.1ms)[0m  [1m[34m            SELECT sql
            FROM sqlite_master
            WHERE name='index_tickets_on_user_id' AND type='index'
            UNION ALL
            SELECT sql
            FROM sqlite_temp_master
            WHERE name='index_tickets_on_user_id' AND type='index'
[0m
  [1m[35m (0.1ms)[0m  [1m[34m            SELECT sql
            FROM sqlite_master
            WHERE name='index_tickets_on_category_id' AND type='index'
            UNION ALL
            SELECT sql
            FROM sqlite_temp_master
            WHERE name='index_tickets_on_category_id' AND type='index'
[0m
  [1m[35m (0.1ms)[0m  [1m[34m            SELECT sql
            FROM sqlite_master
            WHERE name='index_tickets_on_event_id' AND type='index'
            UNION ALL
            SELECT sql
            FROM sqlite_temp_master
            WHERE name='index_tickets_on_event_id' AND type='index'
[0m
  [1m[35m (0.2ms)[0m  [1m[34mSELECT "schema_migrations"."version" FROM "schema_migrations" ORDER BY "schema_migrations"."version" ASC[0m
  [1m[36mActiveRecord::InternalMetadata Load (0.1ms)[0m  [1m[34mSELECT  "ar_internal_metadata".* FROM "ar_internal_metadata" WHERE "ar_internal_metadata"."key" = ? LIMIT ?[0m  [["key", "environment"], ["LIMIT", 1]]
  [1m[35m (0.0ms)[0m  [1m[36mbegin transaction[0m
  [1m[35m (0.0ms)[0m  [1m[36mcommit transaction[0m
  [1m[35m (0.1ms)[0m  [1m[34mSELECT "schema_migrations"."version" FROM "schema_migrations" ORDER BY "schema_migrations"."version" ASC[0m
  [1m[35m (0.1ms)[0m  [1m[34m            SELECT sql
            FROM sqlite_master
            WHERE name='index_events_on_venue_id' AND type='index'
            UNION ALL
            SELECT sql
            FROM sqlite_temp_master
            WHERE name='index_events_on_venue_id' AND type='index'
[0m
  [1m[35m (0.1ms)[0m  [1m[34m            SELECT sql
            FROM sqlite_master
            WHERE name='index_orders_on_ticket_id' AND type='index'
            UNION ALL
            SELECT sql
            FROM sqlite_temp_master
            WHERE name='index_orders_on_ticket_id' AND type='index'
[0m
  [1m[35m (0.1ms)[0m  [1m[34m            SELECT sql
            FROM sqlite_master
            WHERE name='index_orders_on_user_id' AND type='index'
            UNION ALL
            SELECT sql
            FROM sqlite_temp_master
            WHERE name='index_orders_on_user_id' AND type='index'
[0m
  [1m[35m (0.1ms)[0m  [1m[34m            SELECT sql
            FROM sqlite_master
            WHERE name='index_tickets_on_user_id' AND type='index'
            UNION ALL
            SELECT sql
            FROM sqlite_temp_master
            WHERE name='index_tickets_on_user_id' AND type='index'
[0m
  [1m[35m (0.1ms)[0m  [1m[34m            SELECT sql
            FROM sqlite_master
            WHERE name='index_tickets_on_category_id' AND type='index'
            UNION ALL
            SELECT sql
            FROM sqlite_temp_master
            WHERE name='index_tickets_on_category_id' AND type='index'
[0m
  [1m[35m (0.1ms)[0m  [1m[34m            SELECT sql
            FROM sqlite_master
            WHERE name='index_tickets_on_event_id' AND type='index'
            UNION ALL
            SELECT sql
            FROM sqlite_temp_master
            WHERE name='index_tickets_on_event_id' AND type='index'
[0m
Started GET "/" for ::1 at 2019-03-27 10:26:54 -0300
  [1m[35m (0.1ms)[0m  [1m[34mSELECT "schema_migrations"."version" FROM "schema_migrations" ORDER BY "schema_migrations"."version" ASC[0m
Processing by Rails::WelcomeController#index as HTML
  Rendering /home/web/.rvm/gems/ruby-2.4.1/gems/railties-5.1.6.2/lib/rails/templates/rails/welcome/index.html.erb
  Rendered /home/web/.rvm/gems/ruby-2.4.1/gems/railties-5.1.6.2/lib/rails/templates/rails/welcome/index.html.erb (2.9ms)
Completed 200 OK in 61ms (Views: 26.5ms | ActiveRecord: 0.0ms)


Started GET "/users" for ::1 at 2019-03-27 10:27:04 -0300
Processing by UsersController#index as HTML
  Rendering users/index.html.erb within layouts/application
  [1m[36mUser Load (0.1ms)[0m  [1m[34mSELECT "users".* FROM "users"[0m
  Rendered users/index.html.erb within layouts/application (2.3ms)
Completed 200 OK in 1378ms (Views: 1342.3ms | ActiveRecord: 0.6ms)


Started GET "/users/new" for ::1 at 2019-03-27 10:27:09 -0300
Processing by UsersController#new as HTML
  Rendering users/new.html.erb within layouts/application
  Rendered users/_form.html.erb (126.9ms)
  Rendered users/new.html.erb within layouts/application (128.3ms)
Completed 200 OK in 180ms (Views: 168.3ms | ActiveRecord: 0.5ms)


Started POST "/users" for ::1 at 2019-03-27 10:27:51 -0300
Processing by UsersController#create as HTML
  Parameters: {"utf8"=>"✓", "authenticity_token"=>"k3+UPMNJ6piglwRZoesCdvAXRCs96LD6ddwBSoRnuTcPNu1qgmIlbTn7qyi3MXCSDsgN/Ih59fbFsl2w8iutSw==", "user"=>{"name"=>"jaime", "last_name"=>"auger", "email"=>"jiauger@miuandes.cl", "phone"=>"3456789054", "password"=>"[FILTERED]", "user_address"=>"asdfghjkytre"}, "commit"=>"Create User"}
  [1m[35m (0.1ms)[0m  [1m[36mbegin transaction[0m
  [1m[35mSQL (2.3ms)[0m  [1m[32mINSERT INTO "users" ("name", "last_name", "email", "phone", "password", "user_address", "created_at", "updated_at") VALUES (?, ?, ?, ?, ?, ?, ?, ?)[0m  [["name", "jaime"], ["last_name", "auger"], ["email", "jiauger@miuandes.cl"], ["phone", "3456789054"], ["password", "23456789"], ["user_address", "asdfghjkytre"], ["created_at", "2019-03-27 13:27:51.744227"], ["updated_at", "2019-03-27 13:27:51.744227"]]
  [1m[35m (11.9ms)[0m  [1m[36mcommit transaction[0m
Redirected to http://localhost:3000/users/1
Completed 302 Found in 20ms (ActiveRecord: 14.3ms)


Started GET "/users/1" for ::1 at 2019-03-27 10:27:51 -0300
Processing by UsersController#show as HTML
  Parameters: {"id"=>"1"}
  [1m[36mUser Load (0.2ms)[0m  [1m[34mSELECT  "users".* FROM "users" WHERE "users"."id" = ? LIMIT ?[0m  [["id", 1], ["LIMIT", 1]]
  Rendering users/show.html.erb within layouts/application
  Rendered users/show.html.erb within layouts/application (1.5ms)
Completed 200 OK in 77ms (Views: 55.4ms | ActiveRecord: 0.2ms)


Started GET "/venue" for ::1 at 2019-03-27 10:29:12 -0300
  
ActionController::RoutingError (No route matches [GET] "/venue"):
  
actionpack (5.1.6.2) lib/action_dispatch/middleware/debug_exceptions.rb:63:in `call'
web-console (3.7.0) lib/web_console/middleware.rb:135:in `call_app'
web-console (3.7.0) lib/web_console/middleware.rb:30:in `block in call'
web-console (3.7.0) lib/web_console/middleware.rb:20:in `catch'
web-console (3.7.0) lib/web_console/middleware.rb:20:in `call'
actionpack (5.1.6.2) lib/action_dispatch/middleware/show_exceptions.rb:31:in `call'
railties (5.1.6.2) lib/rails/rack/logger.rb:36:in `call_app'
railties (5.1.6.2) lib/rails/rack/logger.rb:24:in `block in call'
activesupport (5.1.6.2) lib/active_support/tagged_logging.rb:69:in `block in tagged'
activesupport (5.1.6.2) lib/active_support/tagged_logging.rb:26:in `tagged'
activesupport (5.1.6.2) lib/active_support/tagged_logging.rb:69:in `tagged'
railties (5.1.6.2) lib/rails/rack/logger.rb:24:in `call'
sprockets-rails (3.2.1) lib/sprockets/rails/quiet_assets.rb:13:in `call'
actionpack (5.1.6.2) lib/action_dispatch/middleware/remote_ip.rb:79:in `call'
actionpack (5.1.6.2) lib/action_dispatch/middleware/request_id.rb:25:in `call'
rack (2.0.6) lib/rack/method_override.rb:22:in `call'
rack (2.0.6) lib/rack/runtime.rb:22:in `call'
activesupport (5.1.6.2) lib/active_support/cache/strategy/local_cache_middleware.rb:27:in `call'
actionpack (5.1.6.2) lib/action_dispatch/middleware/executor.rb:12:in `call'
actionpack (5.1.6.2) lib/action_dispatch/middleware/static.rb:125:in `call'
rack (2.0.6) lib/rack/sendfile.rb:111:in `call'
railties (5.1.6.2) lib/rails/engine.rb:522:in `call'
puma (3.12.1) lib/puma/configuration.rb:227:in `call'
puma (3.12.1) lib/puma/server.rb:660:in `handle_request'
puma (3.12.1) lib/puma/server.rb:474:in `process_client'
puma (3.12.1) lib/puma/server.rb:334:in `block in run'
puma (3.12.1) lib/puma/thread_pool.rb:135:in `block in spawn_thread'
Started GET "/venues" for ::1 at 2019-03-27 10:29:16 -0300
Processing by VenuesController#index as HTML
  Rendering venues/index.html.erb within layouts/application
  [1m[36mVenue Load (0.2ms)[0m  [1m[34mSELECT "venues".* FROM "venues"[0m
  Rendered venues/index.html.erb within layouts/application (2.3ms)
Completed 200 OK in 35ms (Views: 32.8ms | ActiveRecord: 0.5ms)


Started GET "/venues/new" for ::1 at 2019-03-27 10:29:45 -0300
Processing by VenuesController#new as HTML
  Rendering venues/new.html.erb within layouts/application
  Rendered venues/_form.html.erb (27.2ms)
  Rendered venues/new.html.erb within layouts/application (28.1ms)
Completed 200 OK in 68ms (Views: 57.4ms | ActiveRecord: 1.6ms)


Started POST "/venues" for ::1 at 2019-03-27 10:30:03 -0300
Processing by VenuesController#create as HTML
  Parameters: {"utf8"=>"✓", "authenticity_token"=>"qW6K0QZiqAY3nBEvc0/CG84+MSe98tzf7taLRUI3A/K1LWxbgsCFpVOwpU3KXz0Imqs8SmdTQbjvEvUWy1vMtg==", "venue"=>{"name"=>"estadio nacional", "address"=>"quilicura", "capacity"=>"80000000"}, "commit"=>"Create Venue"}
  [1m[35m (0.1ms)[0m  [1m[36mbegin transaction[0m
  [1m[35mSQL (1.0ms)[0m  [1m[32mINSERT INTO "venues" ("name", "address", "capacity", "created_at", "updated_at") VALUES (?, ?, ?, ?, ?)[0m  [["name", "estadio nacional"], ["address", "quilicura"], ["capacity", 80000000], ["created_at", "2019-03-27 13:30:03.285550"], ["updated_at", "2019-03-27 13:30:03.285550"]]
  [1m[35m (3.7ms)[0m  [1m[36mcommit transaction[0m
Redirected to http://localhost:3000/venues/1
Completed 302 Found in 9ms (ActiveRecord: 4.7ms)


Started GET "/venues/1" for ::1 at 2019-03-27 10:30:03 -0300
Processing by VenuesController#show as HTML
  Parameters: {"id"=>"1"}
  [1m[36mVenue Load (0.2ms)[0m  [1m[34mSELECT  "venues".* FROM "venues" WHERE "venues"."id" = ? LIMIT ?[0m  [["id", 1], ["LIMIT", 1]]
  Rendering venues/show.html.erb within layouts/application
  Rendered venues/show.html.erb within layouts/application (0.7ms)
Completed 200 OK in 24ms (Views: 21.1ms | ActiveRecord: 0.2ms)


Started GET "/events" for ::1 at 2019-03-27 10:30:19 -0300
Processing by EventsController#index as HTML
  Rendering events/index.html.erb within layouts/application
  [1m[36mEvent Load (0.2ms)[0m  [1m[34mSELECT "events".* FROM "events"[0m
  Rendered events/index.html.erb within layouts/application (1.9ms)
Completed 200 OK in 51ms (Views: 24.8ms | ActiveRecord: 0.4ms)


Started GET "/events/new" for ::1 at 2019-03-27 10:30:22 -0300
Processing by EventsController#new as HTML
  Rendering events/new.html.erb within layouts/application
  Rendered events/_form.html.erb (29.9ms)
  Rendered events/new.html.erb within layouts/application (31.0ms)
Completed 200 OK in 72ms (Views: 64.5ms | ActiveRecord: 0.3ms)


Started POST "/events" for ::1 at 2019-03-27 10:30:43 -0300
Processing by EventsController#create as HTML
  Parameters: {"utf8"=>"✓", "authenticity_token"=>"SOxkjQLp/VvJF7oGJWA3TWERWlQZYgY4DZP8pnNRyPT1+vgXiLYeYK9rSsmO/fkLuXgyhnRrsyxdJQyKTwGVag==", "event"=>{"name"=>"lady gaga", "description"=>"concierto", "start_date(1i)"=>"2019", "start_date(2i)"=>"3", "start_date(3i)"=>"27", "start_date(4i)"=>"13", "start_date(5i)"=>"30", "venue_id"=>"1"}, "commit"=>"Create Event"}
  [1m[35m (0.1ms)[0m  [1m[36mbegin transaction[0m
  [1m[36mVenue Load (0.1ms)[0m  [1m[34mSELECT  "venues".* FROM "venues" WHERE "venues"."id" = ? LIMIT ?[0m  [["id", 1], ["LIMIT", 1]]
  [1m[35mSQL (1.1ms)[0m  [1m[32mINSERT INTO "events" ("name", "description", "start_date", "venue_id", "created_at", "updated_at") VALUES (?, ?, ?, ?, ?, ?)[0m  [["name", "lady gaga"], ["description", "concierto"], ["start_date", "2019-03-27 13:30:00"], ["venue_id", 1], ["created_at", "2019-03-27 13:30:43.792110"], ["updated_at", "2019-03-27 13:30:43.792110"]]
  [1m[35m (18.3ms)[0m  [1m[36mcommit transaction[0m
Redirected to http://localhost:3000/events/1
Completed 302 Found in 93ms (ActiveRecord: 19.5ms)


Started GET "/events/1" for ::1 at 2019-03-27 10:30:43 -0300
Processing by EventsController#show as HTML
  Parameters: {"id"=>"1"}
  [1m[36mEvent Load (0.2ms)[0m  [1m[34mSELECT  "events".* FROM "events" WHERE "events"."id" = ? LIMIT ?[0m  [["id", 1], ["LIMIT", 1]]
  Rendering events/show.html.erb within layouts/application
  [1m[36mVenue Load (0.3ms)[0m  [1m[34mSELECT  "venues".* FROM "venues" WHERE "venues"."id" = ? LIMIT ?[0m  [["id", 1], ["LIMIT", 1]]
  Rendered events/show.html.erb within layouts/application (3.7ms)
Completed 200 OK in 34ms (Views: 31.7ms | ActiveRecord: 0.5ms)


Started GET "/events/1/edit" for ::1 at 2019-03-27 10:30:48 -0300
Processing by EventsController#edit as HTML
  Parameters: {"id"=>"1"}
  [1m[36mEvent Load (0.1ms)[0m  [1m[34mSELECT  "events".* FROM "events" WHERE "events"."id" = ? LIMIT ?[0m  [["id", 1], ["LIMIT", 1]]
  Rendering events/edit.html.erb within layouts/application
  Rendered events/_form.html.erb (6.8ms)
  Rendered events/edit.html.erb within layouts/application (8.4ms)
Completed 200 OK in 33ms (Views: 31.6ms | ActiveRecord: 0.1ms)


Started PATCH "/events/1" for ::1 at 2019-03-27 10:30:53 -0300
Processing by EventsController#update as HTML
  Parameters: {"utf8"=>"✓", "authenticity_token"=>"dZ0ug6+TM26agIkAMfIbxDWuniRCKDKnvgX2kCnfaqBsRQiNE8a+6Wm9AuomwJLYpwGWyzfNJfj1KCZ/CNnLeQ==", "event"=>{"name"=>"lady gaga", "description"=>"concierto", "start_date(1i)"=>"2019", "start_date(2i)"=>"3", "start_date(3i)"=>"27", "start_date(4i)"=>"13", "start_date(5i)"=>"30", "venue_id"=>"2"}, "commit"=>"Update Event", "id"=>"1"}
  [1m[36mEvent Load (0.1ms)[0m  [1m[34mSELECT  "events".* FROM "events" WHERE "events"."id" = ? LIMIT ?[0m  [["id", 1], ["LIMIT", 1]]
  [1m[35m (0.1ms)[0m  [1m[36mbegin transaction[0m
  [1m[36mVenue Load (0.1ms)[0m  [1m[34mSELECT  "venues".* FROM "venues" WHERE "venues"."id" = ? LIMIT ?[0m  [["id", 2], ["LIMIT", 1]]
  [1m[35m (0.1ms)[0m  [1m[31mrollback transaction[0m
  Rendering events/edit.html.erb within layouts/application
  Rendered events/_form.html.erb (4.5ms)
  Rendered events/edit.html.erb within layouts/application (5.8ms)
Completed 200 OK in 38ms (Views: 34.1ms | ActiveRecord: 0.3ms)


Started PATCH "/events/1" for ::1 at 2019-03-27 10:31:02 -0300
Processing by EventsController#update as HTML
  Parameters: {"utf8"=>"✓", "authenticity_token"=>"2jAeuzp2/qvLTo3c7fGu8hzc03tbPEvr+HcpU9/A3ApQOGPfvlyFiCLbmWNQHD9bKAkQc36CYg2uQRcSaa7GVQ==", "event"=>{"name"=>"lady gaga", "description"=>"concierto", "start_date(1i)"=>"2019", "start_date(2i)"=>"3", "start_date(3i)"=>"27", "start_date(4i)"=>"13", "start_date(5i)"=>"30", "venue_id"=>"1"}, "commit"=>"Update Event", "id"=>"1"}
  [1m[36mEvent Load (0.1ms)[0m  [1m[34mSELECT  "events".* FROM "events" WHERE "events"."id" = ? LIMIT ?[0m  [["id", 1], ["LIMIT", 1]]
  [1m[35m (0.3ms)[0m  [1m[36mbegin transaction[0m
  [1m[36mVenue Load (0.1ms)[0m  [1m[34mSELECT  "venues".* FROM "venues" WHERE "venues"."id" = ? LIMIT ?[0m  [["id", 1], ["LIMIT", 1]]
  [1m[35m (0.1ms)[0m  [1m[36mcommit transaction[0m
Redirected to http://localhost:3000/events/1
Completed 302 Found in 6ms (ActiveRecord: 0.7ms)


Started GET "/events/1" for ::1 at 2019-03-27 10:31:02 -0300
Processing by EventsController#show as HTML
  Parameters: {"id"=>"1"}
  [1m[36mEvent Load (0.1ms)[0m  [1m[34mSELECT  "events".* FROM "events" WHERE "events"."id" = ? LIMIT ?[0m  [["id", 1], ["LIMIT", 1]]
  Rendering events/show.html.erb within layouts/application
  [1m[36mVenue Load (0.2ms)[0m  [1m[34mSELECT  "venues".* FROM "venues" WHERE "venues"."id" = ? LIMIT ?[0m  [["id", 1], ["LIMIT", 1]]
  Rendered events/show.html.erb within layouts/application (2.1ms)
Completed 200 OK in 29ms (Views: 27.5ms | ActiveRecord: 0.3ms)


Started GET "/categories" for ::1 at 2019-03-27 10:31:28 -0300
Processing by CategoriesController#index as HTML
  Rendering categories/index.html.erb within layouts/application
  [1m[36mCategory Load (0.3ms)[0m  [1m[34mSELECT "categories".* FROM "categories"[0m
  Rendered categories/index.html.erb within layouts/application (2.7ms)
Completed 200 OK in 32ms (Views: 28.0ms | ActiveRecord: 0.6ms)


Started GET "/categories/new" for ::1 at 2019-03-27 10:31:32 -0300
Processing by CategoriesController#new as HTML
  Rendering categories/new.html.erb within layouts/application
  Rendered categories/_form.html.erb (3.1ms)
  Rendered categories/new.html.erb within layouts/application (4.6ms)
Completed 200 OK in 45ms (Views: 40.4ms | ActiveRecord: 0.3ms)


Started POST "/categories" for ::1 at 2019-03-27 10:31:39 -0300
Processing by CategoriesController#create as HTML
  Parameters: {"utf8"=>"✓", "authenticity_token"=>"ikrwaZ2NQzhgOrNOE+Et1q1N9H2BHtr2L5VEdtFKUwOgXULBW8JmhQhdn874fCrd+ZnyJHgcHz9zzJCCLBKLbw==", "category"=>{"name"=>"platea"}, "commit"=>"Create Category"}
  [1m[35m (0.1ms)[0m  [1m[36mbegin transaction[0m
  [1m[35mSQL (0.2ms)[0m  [1m[32mINSERT INTO "categories" ("name", "created_at", "updated_at") VALUES (?, ?, ?)[0m  [["name", "platea"], ["created_at", "2019-03-27 13:31:39.950305"], ["updated_at", "2019-03-27 13:31:39.950305"]]
  [1m[35m (27.9ms)[0m  [1m[36mcommit transaction[0m
Redirected to http://localhost:3000/categories/1
Completed 302 Found in 31ms (ActiveRecord: 28.2ms)


Started GET "/categories/1" for ::1 at 2019-03-27 10:31:39 -0300
Processing by CategoriesController#show as HTML
  Parameters: {"id"=>"1"}
  [1m[36mCategory Load (0.2ms)[0m  [1m[34mSELECT  "categories".* FROM "categories" WHERE "categories"."id" = ? LIMIT ?[0m  [["id", 1], ["LIMIT", 1]]
  Rendering categories/show.html.erb within layouts/application
  Rendered categories/show.html.erb within layouts/application (0.6ms)
Completed 200 OK in 21ms (Views: 18.9ms | ActiveRecord: 0.2ms)


Started GET "/tickets" for ::1 at 2019-03-27 10:31:49 -0300
Processing by TicketsController#index as HTML
  Rendering tickets/index.html.erb within layouts/application
  [1m[36mTicket Load (0.3ms)[0m  [1m[34mSELECT "tickets".* FROM "tickets"[0m
  Rendered tickets/index.html.erb within layouts/application (4.7ms)
Completed 200 OK in 50ms (Views: 45.6ms | ActiveRecord: 0.6ms)


Started GET "/tickets/new" for ::1 at 2019-03-27 10:31:52 -0300
Processing by TicketsController#new as HTML
  Rendering tickets/new.html.erb within layouts/application
  Rendered tickets/_form.html.erb (4.7ms)
  Rendered tickets/new.html.erb within layouts/application (5.8ms)
Completed 200 OK in 63ms (Views: 44.6ms | ActiveRecord: 0.3ms)


Started POST "/tickets" for ::1 at 2019-03-27 10:32:29 -0300
Processing by TicketsController#create as HTML
  Parameters: {"utf8"=>"✓", "authenticity_token"=>"dynposftiUJDh9TryS6n4C4LKZXcUI3EspamSlSYiZ3jKZ9NuE7LMRYusYKsuU+8fHuO9LpqopfKky1lb+32Nw==", "ticket"=>{"price"=>"88000", "event_id"=>"1", "category_id"=>"1", "user_id"=>"1"}, "commit"=>"Create Ticket"}
  [1m[35m (0.1ms)[0m  [1m[36mbegin transaction[0m
  [1m[36mEvent Load (0.2ms)[0m  [1m[34mSELECT  "events".* FROM "events" WHERE "events"."id" = ? LIMIT ?[0m  [["id", 1], ["LIMIT", 1]]
  [1m[36mCategory Load (0.1ms)[0m  [1m[34mSELECT  "categories".* FROM "categories" WHERE "categories"."id" = ? LIMIT ?[0m  [["id", 1], ["LIMIT", 1]]
  [1m[35m (0.1ms)[0m  [1m[31mrollback transaction[0m
Completed 500 Internal Server Error in 22ms (ActiveRecord: 0.4ms)


  
SyntaxError (/home/web/Desktop/lab-assignment-3-auger-pena/ticketsale/app/models/user.rb:6: syntax error, unexpected end-of-input, expecting keyword_end):
  
app/models/user.rb:6: syntax error, unexpected end-of-input, expecting keyword_end
app/controllers/tickets_controller.rb:30:in `block in create'
app/controllers/tickets_controller.rb:29:in `create'
Started POST "/tickets" for ::1 at 2019-03-27 10:33:09 -0300
Processing by TicketsController#create as HTML
  Parameters: {"utf8"=>"✓", "authenticity_token"=>"dynposftiUJDh9TryS6n4C4LKZXcUI3EspamSlSYiZ3jKZ9NuE7LMRYusYKsuU+8fHuO9LpqopfKky1lb+32Nw==", "ticket"=>{"price"=>"88000", "event_id"=>"1", "category_id"=>"1", "user_id"=>"1"}, "commit"=>"Create Ticket"}
  [1m[35m (0.1ms)[0m  [1m[36mbegin transaction[0m
  [1m[36mEvent Load (0.1ms)[0m  [1m[34mSELECT  "events".* FROM "events" WHERE "events"."id" = ? LIMIT ?[0m  [["id", 1], ["LIMIT", 1]]
  [1m[36mCategory Load (0.1ms)[0m  [1m[34mSELECT  "categories".* FROM "categories" WHERE "categories"."id" = ? LIMIT ?[0m  [["id", 1], ["LIMIT", 1]]
  [1m[36mUser Load (0.2ms)[0m  [1m[34mSELECT  "users".* FROM "users" WHERE "users"."id" = ? LIMIT ?[0m  [["id", 1], ["LIMIT", 1]]
  [1m[35mSQL (0.3ms)[0m  [1m[32mINSERT INTO "tickets" ("price", "event_id", "category_id", "user_id", "created_at", "updated_at") VALUES (?, ?, ?, ?, ?, ?)[0m  [["price", 88000], ["event_id", 1], ["category_id", 1], ["user_id", 1], ["created_at", "2019-03-27 13:33:10.023410"], ["updated_at", "2019-03-27 13:33:10.023410"]]
  [1m[35m (3.7ms)[0m  [1m[36mcommit transaction[0m
Redirected to http://localhost:3000/tickets/1
Completed 302 Found in 48ms (ActiveRecord: 6.7ms)


Started GET "/tickets/1" for ::1 at 2019-03-27 10:33:10 -0300
Processing by TicketsController#show as HTML
  Parameters: {"id"=>"1"}
  [1m[36mTicket Load (0.3ms)[0m  [1m[34mSELECT  "tickets".* FROM "tickets" WHERE "tickets"."id" = ? LIMIT ?[0m  [["id", 1], ["LIMIT", 1]]
  Rendering tickets/show.html.erb within layouts/application
  [1m[36mEvent Load (0.2ms)[0m  [1m[34mSELECT  "events".* FROM "events" WHERE "events"."id" = ? LIMIT ?[0m  [["id", 1], ["LIMIT", 1]]
  [1m[36mCategory Load (0.1ms)[0m  [1m[34mSELECT  "categories".* FROM "categories" WHERE "categories"."id" = ? LIMIT ?[0m  [["id", 1], ["LIMIT", 1]]
  [1m[36mUser Load (0.1ms)[0m  [1m[34mSELECT  "users".* FROM "users" WHERE "users"."id" = ? LIMIT ?[0m  [["id", 1], ["LIMIT", 1]]
  Rendered tickets/show.html.erb within layouts/application (4.4ms)
Completed 200 OK in 36ms (Views: 32.3ms | ActiveRecord: 0.7ms)


Started GET "/oders" for ::1 at 2019-03-27 10:33:26 -0300
  
ActionController::RoutingError (No route matches [GET] "/oders"):
  
actionpack (5.1.6.2) lib/action_dispatch/middleware/debug_exceptions.rb:63:in `call'
web-console (3.7.0) lib/web_console/middleware.rb:135:in `call_app'
web-console (3.7.0) lib/web_console/middleware.rb:30:in `block in call'
web-console (3.7.0) lib/web_console/middleware.rb:20:in `catch'
web-console (3.7.0) lib/web_console/middleware.rb:20:in `call'
actionpack (5.1.6.2) lib/action_dispatch/middleware/show_exceptions.rb:31:in `call'
railties (5.1.6.2) lib/rails/rack/logger.rb:36:in `call_app'
railties (5.1.6.2) lib/rails/rack/logger.rb:24:in `block in call'
activesupport (5.1.6.2) lib/active_support/tagged_logging.rb:69:in `block in tagged'
activesupport (5.1.6.2) lib/active_support/tagged_logging.rb:26:in `tagged'
activesupport (5.1.6.2) lib/active_support/tagged_logging.rb:69:in `tagged'
railties (5.1.6.2) lib/rails/rack/logger.rb:24:in `call'
sprockets-rails (3.2.1) lib/sprockets/rails/quiet_assets.rb:13:in `call'
actionpack (5.1.6.2) lib/action_dispatch/middleware/remote_ip.rb:79:in `call'
actionpack (5.1.6.2) lib/action_dispatch/middleware/request_id.rb:25:in `call'
rack (2.0.6) lib/rack/method_override.rb:22:in `call'
rack (2.0.6) lib/rack/runtime.rb:22:in `call'
activesupport (5.1.6.2) lib/active_support/cache/strategy/local_cache_middleware.rb:27:in `call'
actionpack (5.1.6.2) lib/action_dispatch/middleware/executor.rb:12:in `call'
actionpack (5.1.6.2) lib/action_dispatch/middleware/static.rb:125:in `call'
rack (2.0.6) lib/rack/sendfile.rb:111:in `call'
railties (5.1.6.2) lib/rails/engine.rb:522:in `call'
puma (3.12.1) lib/puma/configuration.rb:227:in `call'
puma (3.12.1) lib/puma/server.rb:660:in `handle_request'
puma (3.12.1) lib/puma/server.rb:474:in `process_client'
puma (3.12.1) lib/puma/server.rb:334:in `block in run'
puma (3.12.1) lib/puma/thread_pool.rb:135:in `block in spawn_thread'
Started GET "/orders" for ::1 at 2019-03-27 10:33:30 -0300
Processing by OrdersController#index as HTML
  Rendering orders/index.html.erb within layouts/application
  [1m[36mOrder Load (0.8ms)[0m  [1m[34mSELECT "orders".* FROM "orders"[0m
  Rendered orders/index.html.erb within layouts/application (4.4ms)
Completed 200 OK in 54ms (Views: 48.1ms | ActiveRecord: 1.1ms)


Started GET "/orders/new" for ::1 at 2019-03-27 10:33:33 -0300
Processing by OrdersController#new as HTML
  Rendering orders/new.html.erb within layouts/application
  Rendered orders/_form.html.erb (3.6ms)
  Rendered orders/new.html.erb within layouts/application (5.0ms)
Completed 200 OK in 67ms (Views: 51.9ms | ActiveRecord: 0.3ms)


Started POST "/orders" for ::1 at 2019-03-27 10:33:58 -0300
Processing by OrdersController#create as HTML
  Parameters: {"utf8"=>"✓", "authenticity_token"=>"35FSIi3fBPaKXpfzzahd2Zo3FpSC1Z2KD1hZigeo63u7/rFoSDNWNWeCQGhy4Wk7wbwFF0KwspcRBdjunF5iPg==", "order"=>{"amount"=>"8028437823", "user_id"=>"1"}, "commit"=>"Create Order"}
  [1m[35m (0.1ms)[0m  [1m[36mbegin transaction[0m
  [1m[36mUser Load (0.1ms)[0m  [1m[34mSELECT  "users".* FROM "users" WHERE "users"."id" = ? LIMIT ?[0m  [["id", 1], ["LIMIT", 1]]
  [1m[35m (0.1ms)[0m  [1m[31mrollback transaction[0m
Completed 500 Internal Server Error in 17ms (ActiveRecord: 0.3ms)


  
ActiveModel::RangeError (8028437823 is out of range for ActiveModel::Type::Integer with limit 4 bytes):
  
app/controllers/orders_controller.rb:30:in `block in create'
app/controllers/orders_controller.rb:29:in `create'
Started POST "/orders" for ::1 at 2019-03-27 10:34:11 -0300
Processing by OrdersController#create as HTML
  Parameters: {"utf8"=>"✓", "authenticity_token"=>"ACxk3xkqdMYtV+7Pe1TVsfLvQb9I2Wp5mbPz7NKop2CKJBm7nQAP5cTC+nDGuUQYxjqCt21nQ5/Phc2tZMa9Pw==", "order"=>{"amount"=>"80284", "user_id"=>"1"}, "commit"=>"Create Order"}
  [1m[35m (0.1ms)[0m  [1m[36mbegin transaction[0m
  [1m[36mUser Load (0.1ms)[0m  [1m[34mSELECT  "users".* FROM "users" WHERE "users"."id" = ? LIMIT ?[0m  [["id", 1], ["LIMIT", 1]]
  [1m[35mSQL (0.3ms)[0m  [1m[32mINSERT INTO "orders" ("amount", "user_id", "created_at", "updated_at") VALUES (?, ?, ?, ?)[0m  [["amount", 80284], ["user_id", 1], ["created_at", "2019-03-27 13:34:11.316885"], ["updated_at", "2019-03-27 13:34:11.316885"]]
  [1m[35m (3.1ms)[0m  [1m[36mcommit transaction[0m
Redirected to http://localhost:3000/orders/1
Completed 302 Found in 8ms (ActiveRecord: 3.5ms)


Started GET "/orders/1" for ::1 at 2019-03-27 10:34:11 -0300
Processing by OrdersController#show as HTML
  Parameters: {"id"=>"1"}
  [1m[36mOrder Load (0.2ms)[0m  [1m[34mSELECT  "orders".* FROM "orders" WHERE "orders"."id" = ? LIMIT ?[0m  [["id", 1], ["LIMIT", 1]]
  Rendering orders/show.html.erb within layouts/application
  [1m[36mUser Load (0.2ms)[0m  [1m[34mSELECT  "users".* FROM "users" WHERE "users"."id" = ? LIMIT ?[0m  [["id", 1], ["LIMIT", 1]]
  Rendered orders/show.html.erb within layouts/application (1.9ms)
Completed 200 OK in 24ms (Views: 22.1ms | ActiveRecord: 0.3ms)


  [1m[36mUser Load (0.2ms)[0m  [1m[34mSELECT  "users".* FROM "users" ORDER BY "users"."id" ASC LIMIT ?[0m  [["LIMIT", 1]]
  [1m[36mUser Load (0.1ms)[0m  [1m[34mSELECT  "users".* FROM "users" ORDER BY "users"."id" ASC LIMIT ?[0m  [["LIMIT", 1]]
  [1m[36mTicket Load (0.1ms)[0m  [1m[34mSELECT  "tickets".* FROM "tickets" WHERE "tickets"."user_id" = ? LIMIT ?[0m  [["user_id", 1], ["LIMIT", 11]]
  [1m[36mUser Load (0.3ms)[0m  [1m[34mSELECT  "users".* FROM "users" WHERE "users"."id" = ? LIMIT ?[0m  [["id", 1], ["LIMIT", 1]]
  [1m[36mUser Load (0.2ms)[0m  [1m[34mSELECT  "users".* FROM "users" WHERE "users"."id" = ? LIMIT ?[0m  [["id", 1], ["LIMIT", 1]]
  [1m[36mTicket Load (0.1ms)[0m  [1m[34mSELECT  "tickets".* FROM "tickets" WHERE "tickets"."user_id" = ? LIMIT ?[0m  [["user_id", 1], ["LIMIT", 11]]
  [1m[36mUser Load (0.1ms)[0m  [1m[34mSELECT  "users".* FROM "users" WHERE "users"."id" = ? LIMIT ?[0m  [["id", 1], ["LIMIT", 1]]
  [1m[36mTicket Load (0.3ms)[0m  [1m[34mSELECT  "tickets".* FROM "tickets" WHERE "tickets"."user_id" = ? ORDER BY price DESC LIMIT ?[0m  [["user_id", 1], ["LIMIT", 11]]
  [1m[36mUser Load (0.2ms)[0m  [1m[34mSELECT  "users".* FROM "users" WHERE "users"."id" = ? LIMIT ?[0m  [["id", 1], ["LIMIT", 1]]
  [1m[36mTicket Load (0.1ms)[0m  [1m[34mSELECT  "tickets".* FROM "tickets" WHERE "tickets"."user_id" = ? ORDER BY price DESC LIMIT ?[0m  [["user_id", 1], ["LIMIT", 11]]
  [1m[36mUser Load (0.2ms)[0m  [1m[34mSELECT  "users".* FROM "users" WHERE "users"."id" = ? LIMIT ?[0m  [["id", 1], ["LIMIT", 1]]
  [1m[36mTicket Load (0.2ms)[0m  [1m[34mSELECT  "tickets".* FROM "tickets" WHERE "tickets"."user_id" = ? ORDER BY price DESC LIMIT ?[0m  [["user_id", 1], ["LIMIT", 11]]
  [1m[36mUser Load (0.2ms)[0m  [1m[34mSELECT  "users".* FROM "users" WHERE "users"."id" = ? LIMIT ?[0m  [["id", 1], ["LIMIT", 1]]
  [1m[36mTicket Load (0.2ms)[0m  [1m[34mSELECT  "tickets".* FROM "tickets" WHERE "tickets"."user_id" = ? ORDER BY price DESC LIMIT ?[0m  [["user_id", 1], ["LIMIT", 11]]
  [1m[36mUser Load (0.2ms)[0m  [1m[34mSELECT  "users".* FROM "users" WHERE "users"."id" = ? LIMIT ?[0m  [["id", 1], ["LIMIT", 1]]
  [1m[36mTicket Load (0.2ms)[0m  [1m[34mSELECT  "tickets".* FROM "tickets" WHERE "tickets"."user_id" = ? ORDER BY price DESC LIMIT ?[0m  [["user_id", 1], ["LIMIT", 11]]
  [1m[36mUser Load (0.2ms)[0m  [1m[34mSELECT  "users".* FROM "users" WHERE "users"."id" = ? LIMIT ?[0m  [["id", 1], ["LIMIT", 1]]
  [1m[36mTicket Load (0.2ms)[0m  [1m[34mSELECT  "tickets".* FROM "tickets" WHERE "tickets"."user_id" = ? ORDER BY price DESC LIMIT ?[0m  [["user_id", 1], ["LIMIT", 11]]
  [1m[36mUser Load (0.2ms)[0m  [1m[34mSELECT  "users".* FROM "users" WHERE "users"."id" = ? LIMIT ?[0m  [["id", 1], ["LIMIT", 1]]
  [1m[36mTicket Load (0.2ms)[0m  [1m[34mSELECT  "tickets".* FROM "tickets" WHERE "tickets"."user_id" = ? ORDER BY price DESC LIMIT ?[0m  [["user_id", 1], ["LIMIT", 1]]
  [1m[36mUser Load (0.2ms)[0m  [1m[34mSELECT  "users".* FROM "users" WHERE "users"."id" = ? LIMIT ?[0m  [["id", 1], ["LIMIT", 1]]
  [1m[36mTicket Load (0.2ms)[0m  [1m[34mSELECT  "tickets".* FROM "tickets" WHERE "tickets"."user_id" = ? ORDER BY price DESC LIMIT ?[0m  [["user_id", 1], ["LIMIT", 1]]
  [1m[36mUser Load (0.2ms)[0m  [1m[34mSELECT  "users".* FROM "users" WHERE "users"."id" = ? LIMIT ?[0m  [["id", 1], ["LIMIT", 1]]
  [1m[36mTicket Load (0.2ms)[0m  [1m[34mSELECT  "tickets".* FROM "tickets" WHERE "tickets"."user_id" = ? ORDER BY price DESC LIMIT ?[0m  [["user_id", 1], ["LIMIT", 11]]
  [1m[36mUser Load (0.2ms)[0m  [1m[34mSELECT  "users".* FROM "users" WHERE "users"."id" = ? LIMIT ?[0m  [["id", 1], ["LIMIT", 1]]
  [1m[36mTicket Load (0.2ms)[0m  [1m[34mSELECT  "tickets".* FROM "tickets" WHERE "tickets"."user_id" = ? ORDER BY price DESC LIMIT ?[0m  [["user_id", 1], ["LIMIT", 1]]
  [1m[36mUser Load (0.2ms)[0m  [1m[34mSELECT  "users".* FROM "users" WHERE "users"."id" = ? LIMIT ?[0m  [["id", 1], ["LIMIT", 1]]
  [1m[36mTicket Load (0.2ms)[0m  [1m[34mSELECT  "tickets".* FROM "tickets" WHERE "tickets"."user_id" = ? ORDER BY price DESC LIMIT ?[0m  [["user_id", 1], ["LIMIT", 1]]
  [1m[36mUser Load (0.2ms)[0m  [1m[34mSELECT  "users".* FROM "users" WHERE "users"."id" = ? LIMIT ?[0m  [["id", 1], ["LIMIT", 1]]
  [1m[36mTicket Load (0.2ms)[0m  [1m[34mSELECT  "tickets".* FROM "tickets" WHERE "tickets"."user_id" = ? ORDER BY price DESC LIMIT ?[0m  [["user_id", 1], ["LIMIT", 1]]
  [1m[36mUser Load (0.2ms)[0m  [1m[34mSELECT  "users".* FROM "users" WHERE "users"."id" = ? LIMIT ?[0m  [["id", 1], ["LIMIT", 1]]
  [1m[36mTicket Load (0.2ms)[0m  [1m[34mSELECT  "tickets".* FROM "tickets" WHERE "tickets"."user_id" = ? ORDER BY price DESC LIMIT ?[0m  [["user_id", 1], ["LIMIT", 1]]
  [1m[36mUser Load (0.2ms)[0m  [1m[34mSELECT  "users".* FROM "users" WHERE "users"."id" = ? LIMIT ?[0m  [["id", 1], ["LIMIT", 1]]
  [1m[36mTicket Load (0.2ms)[0m  [1m[34mSELECT  "tickets".* FROM "tickets" WHERE "tickets"."user_id" = ? ORDER BY price DESC LIMIT ?[0m  [["user_id", 1], ["LIMIT", 1]]
  [1m[36mUser Load (0.2ms)[0m  [1m[34mSELECT  "users".* FROM "users" WHERE "users"."id" = ? LIMIT ?[0m  [["id", 1], ["LIMIT", 1]]
  [1m[36mTicket Load (0.2ms)[0m  [1m[34mSELECT  "tickets".* FROM "tickets" WHERE "tickets"."user_id" = ? ORDER BY price DESC LIMIT ?[0m  [["user_id", 1], ["LIMIT", 1]]
  [1m[36mUser Load (0.2ms)[0m  [1m[34mSELECT  "users".* FROM "users" WHERE "users"."id" = ? LIMIT ?[0m  [["id", 1], ["LIMIT", 1]]
  [1m[36mTicket Load (0.2ms)[0m  [1m[34mSELECT  "tickets".* FROM "tickets" WHERE "tickets"."user_id" = ? ORDER BY price DESC LIMIT ?[0m  [["user_id", 1], ["LIMIT", 1]]
  [1m[36mUser Load (0.2ms)[0m  [1m[34mSELECT  "users".* FROM "users" WHERE "users"."id" = ? LIMIT ?[0m  [["id", 1], ["LIMIT", 1]]
  [1m[36mTicket Load (0.2ms)[0m  [1m[34mSELECT  "tickets".* FROM "tickets" WHERE "tickets"."user_id" = ? ORDER BY price DESC LIMIT ?[0m  [["user_id", 1], ["LIMIT", 1]]
  [1m[36mUser Load (0.3ms)[0m  [1m[34mSELECT  "users".* FROM "users" WHERE "users"."id" = ? LIMIT ?[0m  [["id", 1], ["LIMIT", 1]]
  [1m[36mTicket Load (0.2ms)[0m  [1m[34mSELECT  "tickets".* FROM "tickets" WHERE "tickets"."user_id" = ? ORDER BY price DESC LIMIT ?[0m  [["user_id", 1], ["LIMIT", 1]]
  [1m[36mUser Load (0.2ms)[0m  [1m[34mSELECT  "users".* FROM "users" WHERE "users"."id" = ? LIMIT ?[0m  [["id", 1], ["LIMIT", 1]]
  [1m[36mTicket Load (0.2ms)[0m  [1m[34mSELECT  "tickets".* FROM "tickets" WHERE "tickets"."user_id" = ? ORDER BY price DESC LIMIT ?[0m  [["user_id", 1], ["LIMIT", 1]]
  [1m[36mUser Load (0.2ms)[0m  [1m[34mSELECT  "users".* FROM "users" WHERE "users"."id" = ? LIMIT ?[0m  [["id", 1], ["LIMIT", 1]]
  [1m[36mTicket Load (0.2ms)[0m  [1m[34mSELECT  "tickets".* FROM "tickets" WHERE "tickets"."user_id" = ? ORDER BY price DESC LIMIT ?[0m  [["user_id", 1], ["LIMIT", 1]]
  [1m[36mUser Load (0.2ms)[0m  [1m[34mSELECT  "users".* FROM "users" WHERE "users"."id" = ? LIMIT ?[0m  [["id", 1], ["LIMIT", 1]]
  [1m[36mTicket Load (0.2ms)[0m  [1m[34mSELECT  "tickets".* FROM "tickets" WHERE "tickets"."user_id" = ? ORDER BY price DESC LIMIT ?[0m  [["user_id", 1], ["LIMIT", 1]]
  [1m[36mUser Load (0.3ms)[0m  [1m[34mSELECT  "users".* FROM "users" WHERE "users"."id" = ? LIMIT ?[0m  [["id", 1], ["LIMIT", 1]]
  [1m[36mTicket Load (0.2ms)[0m  [1m[34mSELECT  "tickets".* FROM "tickets" WHERE "tickets"."user_id" = ? ORDER BY price DESC LIMIT ?[0m  [["user_id", 1], ["LIMIT", 1]]
  [1m[36mUser Load (0.2ms)[0m  [1m[34mSELECT  "users".* FROM "users" WHERE "users"."id" = ? LIMIT ?[0m  [["id", 1], ["LIMIT", 1]]
  [1m[36mTicket Load (0.2ms)[0m  [1m[34mSELECT  "tickets".* FROM "tickets" WHERE "tickets"."user_id" = ? ORDER BY price DESC LIMIT ?[0m  [["user_id", 1], ["LIMIT", 1]]
  [1m[36mUser Load (0.2ms)[0m  [1m[34mSELECT  "users".* FROM "users" WHERE "users"."id" = ? LIMIT ?[0m  [["id", 1], ["LIMIT", 1]]
  [1m[36mTicket Load (0.2ms)[0m  [1m[34mSELECT  "tickets".* FROM "tickets" WHERE "tickets"."user_id" = ? ORDER BY price DESC LIMIT ?[0m  [["user_id", 1], ["LIMIT", 1]]
  [1m[36mUser Load (0.2ms)[0m  [1m[34mSELECT  "users".* FROM "users" WHERE "users"."id" = ? LIMIT ?[0m  [["id", 1], ["LIMIT", 1]]
  [1m[36mTicket Load (0.2ms)[0m  [1m[34mSELECT  "tickets".* FROM "tickets" WHERE "tickets"."user_id" = ? ORDER BY price DESC LIMIT ?[0m  [["user_id", 1], ["LIMIT", 1]]
  [1m[36mUser Load (0.2ms)[0m  [1m[34mSELECT  "users".* FROM "users" WHERE "users"."id" = ? LIMIT ?[0m  [["id", 1], ["LIMIT", 1]]
  [1m[36mTicket Load (0.5ms)[0m  [1m[34mSELECT  "tickets".* FROM "tickets" WHERE "tickets"."user_id" = ? ORDER BY price DESC LIMIT ?[0m  [["user_id", 1], ["LIMIT", 1]]
  [1m[35m (0.1ms)[0m  [1m[34mSELECT "schema_migrations"."version" FROM "schema_migrations" ORDER BY "schema_migrations"."version" ASC[0m
Migrating to AddDateToOrders (20190327135155)
  [1m[35m (0.0ms)[0m  [1m[36mbegin transaction[0m
  [1m[35m (0.3ms)[0m  [1m[35mALTER TABLE "orders" ADD "date" datetime[0m
  [1m[35mSQL (0.1ms)[0m  [1m[32mINSERT INTO "schema_migrations" ("version") VALUES (?)[0m  [["version", "20190327135155"]]
  [1m[35m (3.8ms)[0m  [1m[36mcommit transaction[0m
  [1m[36mActiveRecord::InternalMetadata Load (0.1ms)[0m  [1m[34mSELECT  "ar_internal_metadata".* FROM "ar_internal_metadata" WHERE "ar_internal_metadata"."key" = ? LIMIT ?[0m  [["key", "environment"], ["LIMIT", 1]]
  [1m[35m (0.0ms)[0m  [1m[36mbegin transaction[0m
  [1m[35m (0.0ms)[0m  [1m[36mcommit transaction[0m
  [1m[35m (0.1ms)[0m  [1m[34mSELECT "schema_migrations"."version" FROM "schema_migrations" ORDER BY "schema_migrations"."version" ASC[0m
  [1m[35m (0.1ms)[0m  [1m[34m            SELECT sql
            FROM sqlite_master
            WHERE name='index_events_on_venue_id' AND type='index'
            UNION ALL
            SELECT sql
            FROM sqlite_temp_master
            WHERE name='index_events_on_venue_id' AND type='index'
[0m
  [1m[35m (0.1ms)[0m  [1m[34m            SELECT sql
            FROM sqlite_master
            WHERE name='index_orders_on_ticket_id' AND type='index'
            UNION ALL
            SELECT sql
            FROM sqlite_temp_master
            WHERE name='index_orders_on_ticket_id' AND type='index'
[0m
  [1m[35m (0.1ms)[0m  [1m[34m            SELECT sql
            FROM sqlite_master
            WHERE name='index_orders_on_user_id' AND type='index'
            UNION ALL
            SELECT sql
            FROM sqlite_temp_master
            WHERE name='index_orders_on_user_id' AND type='index'
[0m
  [1m[35m (0.1ms)[0m  [1m[34m            SELECT sql
            FROM sqlite_master
            WHERE name='index_tickets_on_user_id' AND type='index'
            UNION ALL
            SELECT sql
            FROM sqlite_temp_master
            WHERE name='index_tickets_on_user_id' AND type='index'
[0m
  [1m[35m (0.1ms)[0m  [1m[34m            SELECT sql
            FROM sqlite_master
            WHERE name='index_tickets_on_category_id' AND type='index'
            UNION ALL
            SELECT sql
            FROM sqlite_temp_master
            WHERE name='index_tickets_on_category_id' AND type='index'
[0m
  [1m[35m (0.1ms)[0m  [1m[34m            SELECT sql
            FROM sqlite_master
            WHERE name='index_tickets_on_event_id' AND type='index'
            UNION ALL
            SELECT sql
            FROM sqlite_temp_master
            WHERE name='index_tickets_on_event_id' AND type='index'
[0m
  [1m[36mUser Load (0.2ms)[0m  [1m[34mSELECT  "users".* FROM "users" WHERE "users"."id" = ? LIMIT ?[0m  [["id", 1], ["LIMIT", 1]]
Started GET "/" for ::1 at 2019-03-27 11:08:39 -0300
  [1m[35m (0.3ms)[0m  [1m[34mSELECT "schema_migrations"."version" FROM "schema_migrations" ORDER BY "schema_migrations"."version" ASC[0m
Processing by Rails::WelcomeController#index as HTML
  Rendering /home/web/.rvm/gems/ruby-2.4.1/gems/railties-5.1.6.2/lib/rails/templates/rails/welcome/index.html.erb
  Rendered /home/web/.rvm/gems/ruby-2.4.1/gems/railties-5.1.6.2/lib/rails/templates/rails/welcome/index.html.erb (2.4ms)
Completed 200 OK in 12ms (Views: 5.2ms | ActiveRecord: 0.0ms)


Started GET "/users" for ::1 at 2019-03-27 11:08:47 -0300
Processing by UsersController#index as HTML
  Rendering users/index.html.erb within layouts/application
  [1m[36mUser Load (0.1ms)[0m  [1m[34mSELECT "users".* FROM "users"[0m
  Rendered users/index.html.erb within layouts/application (11.8ms)
Completed 200 OK in 191ms (Views: 183.4ms | ActiveRecord: 1.2ms)


Started GET "/users/new" for ::1 at 2019-03-27 11:08:57 -0300
Processing by UsersController#new as HTML
  Rendering users/new.html.erb within layouts/application
  Rendered users/_form.html.erb (30.4ms)
  Rendered users/new.html.erb within layouts/application (31.4ms)
Completed 200 OK in 51ms (Views: 50.2ms | ActiveRecord: 0.0ms)


  [1m[36mUser Load (0.2ms)[0m  [1m[34mSELECT  "users".* FROM "users" WHERE "users"."id" = ? LIMIT ?[0m  [["id", 1], ["LIMIT", 1]]
  [1m[36mUser Load (0.1ms)[0m  [1m[34mSELECT  "users".* FROM "users" WHERE "users"."id" = ? LIMIT ?[0m  [["id", 1], ["LIMIT", 1]]
  [1m[36mOrder Load (0.2ms)[0m  [1m[34mSELECT  "orders".* FROM "orders" WHERE "orders"."user_id" = ? AND ("orders"."date" BETWEEN ? AND ?) LIMIT ?[0m  [["user_id", 1], ["date", "2019-03-24 14:12:50.245430"], ["date", "2019-03-27 14:12:50.245674"], ["LIMIT", 11]]
  [1m[36mUser Load (0.1ms)[0m  [1m[34mSELECT  "users".* FROM "users" WHERE "users"."id" = ? LIMIT ?[0m  [["id", 1], ["LIMIT", 1]]
  [1m[36mOrder Load (0.1ms)[0m  [1m[34mSELECT  "orders".* FROM "orders" WHERE "orders"."user_id" = ? AND ("orders"."date" BETWEEN ? AND ?) LIMIT ?[0m  [["user_id", 1], ["date", "2019-03-24 14:14:02.446333"], ["date", "2019-03-27 14:14:02.446441"], ["LIMIT", 11]]
  [1m[36mUser Load (0.1ms)[0m  [1m[34mSELECT  "users".* FROM "users" WHERE "users"."id" = ? LIMIT ?[0m  [["id", 1], ["LIMIT", 1]]
  [1m[36mOrder Load (0.2ms)[0m  [1m[34mSELECT  "orders".* FROM "orders" WHERE "orders"."user_id" = ? LIMIT ?[0m  [["user_id", 1], ["LIMIT", 11]]
  [1m[36mUser Load (0.1ms)[0m  [1m[34mSELECT  "users".* FROM "users" WHERE "users"."id" = ? LIMIT ?[0m  [["id", 1], ["LIMIT", 1]]
  [1m[36mOrder Load (0.1ms)[0m  [1m[34mSELECT  "orders".* FROM "orders" WHERE "orders"."user_id" = ? AND ("orders"."date" BETWEEN ? AND ?) LIMIT ?[0m  [["user_id", 1], ["date", "2019-03-24 14:14:37.331353"], ["date", "2019-03-27 14:14:37.331459"], ["LIMIT", 11]]
  [1m[36mUser Load (0.1ms)[0m  [1m[34mSELECT  "users".* FROM "users" WHERE "users"."id" = ? LIMIT ?[0m  [["id", 1], ["LIMIT", 1]]
  [1m[36mOrder Load (0.1ms)[0m  [1m[34mSELECT  "orders".* FROM "orders" WHERE "orders"."user_id" = ? AND ("orders"."date" BETWEEN ? AND ?) LIMIT ?[0m  [["user_id", 1], ["date", "2019-03-24 14:14:40.496893"], ["date", "2019-03-27 14:14:40.497014"], ["LIMIT", 11]]
  [1m[36mUser Load (0.1ms)[0m  [1m[34mSELECT  "users".* FROM "users" WHERE "users"."id" = ? LIMIT ?[0m  [["id", 1], ["LIMIT", 1]]
  [1m[36mTicket Load (0.3ms)[0m  [1m[34mSELECT  "tickets".* FROM "tickets" WHERE "tickets"."user_id" = ? AND ("tickets"."date" BETWEEN ? AND ?) LIMIT ?[0m  [["user_id", 1], ["date", "2019-03-24 14:15:04.219342"], ["date", "2019-03-27 14:15:04.219445"], ["LIMIT", 11]]
  [1m[36mUser Load (0.1ms)[0m  [1m[34mSELECT  "users".* FROM "users" WHERE "users"."id" = ? LIMIT ?[0m  [["id", 1], ["LIMIT", 1]]
  [1m[36mOrder Load (0.1ms)[0m  [1m[34mSELECT  "orders".* FROM "orders" WHERE "orders"."user_id" = ? LIMIT ?[0m  [["user_id", 1], ["LIMIT", 11]]
  [1m[36mUser Load (0.1ms)[0m  [1m[34mSELECT  "users".* FROM "users" WHERE "users"."id" = ? LIMIT ?[0m  [["id", 1], ["LIMIT", 1]]
  [1m[36mOrder Load (0.1ms)[0m  [1m[34mSELECT  "orders".* FROM "orders" WHERE "orders"."user_id" = ? LIMIT ?[0m  [["user_id", 1], ["LIMIT", 11]]
  [1m[36mUser Load (0.1ms)[0m  [1m[34mSELECT  "users".* FROM "users" WHERE "users"."id" = ? LIMIT ?[0m  [["id", 1], ["LIMIT", 1]]
  [1m[36mOrder Load (0.1ms)[0m  [1m[34mSELECT  "orders".* FROM "orders" WHERE "orders"."user_id" = ? LIMIT ?[0m  [["user_id", 1], ["LIMIT", 11]]
  [1m[36mUser Load (0.1ms)[0m  [1m[34mSELECT  "users".* FROM "users" WHERE "users"."id" = ? LIMIT ?[0m  [["id", 1], ["LIMIT", 1]]
  [1m[36mTicket Load (0.2ms)[0m  [1m[34mSELECT  "tickets".* FROM "tickets" WHERE "tickets"."user_id" = ? LIMIT ?[0m  [["user_id", 1], ["LIMIT", 11]]
  [1m[36mUser Load (0.1ms)[0m  [1m[34mSELECT  "users".* FROM "users" WHERE "users"."id" = ? LIMIT ?[0m  [["id", 1], ["LIMIT", 1]]
  [1m[36mUser Load (0.1ms)[0m  [1m[34mSELECT  "users".* FROM "users" WHERE "users"."id" = ? LIMIT ?[0m  [["id", 1], ["LIMIT", 1]]
  [1m[35m (0.1ms)[0m  [1m[34mSELECT "schema_migrations"."version" FROM "schema_migrations" ORDER BY "schema_migrations"."version" ASC[0m
Migrating to AddOrderToTickets (20190327142437)
  [1m[35m (0.1ms)[0m  [1m[36mbegin transaction[0m
  [1m[35m (0.3ms)[0m  [1m[35mALTER TABLE "tickets" ADD "order_id" integer[0m
  [1m[35m (0.1ms)[0m  [1m[34mSELECT sqlite_version(*)[0m
  [1m[35m (0.1ms)[0m  [1m[34m            SELECT sql
            FROM sqlite_master
            WHERE name='index_tickets_on_user_id' AND type='index'
            UNION ALL
            SELECT sql
            FROM sqlite_temp_master
            WHERE name='index_tickets_on_user_id' AND type='index'
[0m
  [1m[35m (0.1ms)[0m  [1m[34m            SELECT sql
            FROM sqlite_master
            WHERE name='index_tickets_on_category_id' AND type='index'
            UNION ALL
            SELECT sql
            FROM sqlite_temp_master
            WHERE name='index_tickets_on_category_id' AND type='index'
[0m
  [1m[35m (0.1ms)[0m  [1m[34m            SELECT sql
            FROM sqlite_master
            WHERE name='index_tickets_on_event_id' AND type='index'
            UNION ALL
            SELECT sql
            FROM sqlite_temp_master
            WHERE name='index_tickets_on_event_id' AND type='index'
[0m
  [1m[35m (0.2ms)[0m  [1m[35mCREATE  INDEX "index_tickets_on_order_id" ON "tickets" ("order_id")[0m
  [1m[35mSQL (0.1ms)[0m  [1m[32mINSERT INTO "schema_migrations" ("version") VALUES (?)[0m  [["version", "20190327142437"]]
  [1m[35m (4.2ms)[0m  [1m[36mcommit transaction[0m
  [1m[36mActiveRecord::InternalMetadata Load (0.1ms)[0m  [1m[34mSELECT  "ar_internal_metadata".* FROM "ar_internal_metadata" WHERE "ar_internal_metadata"."key" = ? LIMIT ?[0m  [["key", "environment"], ["LIMIT", 1]]
  [1m[35m (0.1ms)[0m  [1m[36mbegin transaction[0m
  [1m[35m (0.0ms)[0m  [1m[36mcommit transaction[0m
  [1m[35m (0.1ms)[0m  [1m[34mSELECT "schema_migrations"."version" FROM "schema_migrations" ORDER BY "schema_migrations"."version" ASC[0m
  [1m[35m (0.1ms)[0m  [1m[34m            SELECT sql
            FROM sqlite_master
            WHERE name='index_events_on_venue_id' AND type='index'
            UNION ALL
            SELECT sql
            FROM sqlite_temp_master
            WHERE name='index_events_on_venue_id' AND type='index'
[0m
  [1m[35m (0.1ms)[0m  [1m[34m            SELECT sql
            FROM sqlite_master
            WHERE name='index_orders_on_ticket_id' AND type='index'
            UNION ALL
            SELECT sql
            FROM sqlite_temp_master
            WHERE name='index_orders_on_ticket_id' AND type='index'
[0m
  [1m[35m (0.1ms)[0m  [1m[34m            SELECT sql
            FROM sqlite_master
            WHERE name='index_orders_on_user_id' AND type='index'
            UNION ALL
            SELECT sql
            FROM sqlite_temp_master
            WHERE name='index_orders_on_user_id' AND type='index'
[0m
  [1m[35m (0.1ms)[0m  [1m[34m            SELECT sql
            FROM sqlite_master
            WHERE name='index_tickets_on_order_id' AND type='index'
            UNION ALL
            SELECT sql
            FROM sqlite_temp_master
            WHERE name='index_tickets_on_order_id' AND type='index'
[0m
  [1m[35m (0.1ms)[0m  [1m[34m            SELECT sql
            FROM sqlite_master
            WHERE name='index_tickets_on_user_id' AND type='index'
            UNION ALL
            SELECT sql
            FROM sqlite_temp_master
            WHERE name='index_tickets_on_user_id' AND type='index'
[0m
  [1m[35m (0.1ms)[0m  [1m[34m            SELECT sql
            FROM sqlite_master
            WHERE name='index_tickets_on_category_id' AND type='index'
            UNION ALL
            SELECT sql
            FROM sqlite_temp_master
            WHERE name='index_tickets_on_category_id' AND type='index'
[0m
  [1m[35m (0.1ms)[0m  [1m[34m            SELECT sql
            FROM sqlite_master
            WHERE name='index_tickets_on_event_id' AND type='index'
            UNION ALL
            SELECT sql
            FROM sqlite_temp_master
            WHERE name='index_tickets_on_event_id' AND type='index'
[0m
